Build started 9/10/2020 2:31:27 AM.
     1>Project "C:\Users\inour\Documents\Visual Studio 2013\Projects\SFML\SFML\SFML.vcxproj" on node 2 (Build target(s)).
     1>ClCompile:
         C:\Program Files (x86)\Microsoft Visual Studio 12.0\VC\bin\CL.exe /c /I"C:\Users\inour\Documents\Visual Studio 2013\Projects\SFML\sfmlll\include" /ZI /nologo /W3 /WX- /sdl /Od /Oy- /D WIN32 /D _DEBUG /D _CONSOLE /D _LIB /D _UNICODE /D UNICODE /Gm /EHsc /RTC1 /MDd /GS /fp:precise /Zc:wchar_t /Zc:forScope /Fo"Debug\\" /Fd"Debug\vc120.pdb" /Gd /TP /analyze- /errorReport:prompt main.cpp
         main.cpp
     1>c:\users\inour\documents\visual studio 2013\projects\sfml\sfml\main.cpp(107): warning C4305: '=' : truncation from 'double' to 'float'
     1>c:\users\inour\documents\visual studio 2013\projects\sfml\sfml\main.cpp(108): warning C4305: '=' : truncation from 'double' to 'float'
     1>c:\users\inour\documents\visual studio 2013\projects\sfml\sfml\main.cpp(109): warning C4305: '=' : truncation from 'double' to 'float'
     1>c:\users\inour\documents\visual studio 2013\projects\sfml\sfml\main.cpp(113): warning C4305: '=' : truncation from 'double' to 'float'
     1>c:\users\inour\documents\visual studio 2013\projects\sfml\sfml\main.cpp(114): warning C4305: '=' : truncation from 'double' to 'float'
     1>c:\users\inour\documents\visual studio 2013\projects\sfml\sfml\main.cpp(115): warning C4305: '=' : truncation from 'double' to 'float'
     1>c:\users\inour\documents\visual studio 2013\projects\sfml\sfml\main.cpp(119): warning C4305: '=' : truncation from 'double' to 'float'
     1>c:\users\inour\documents\visual studio 2013\projects\sfml\sfml\main.cpp(120): warning C4305: '=' : truncation from 'double' to 'float'
     1>c:\users\inour\documents\visual studio 2013\projects\sfml\sfml\main.cpp(121): warning C4305: '=' : truncation from 'double' to 'float'
     1>c:\users\inour\documents\visual studio 2013\projects\sfml\sfml\main.cpp(641): warning C4305: 'argument' : truncation from 'double' to 'float'
     1>c:\users\inour\documents\visual studio 2013\projects\sfml\sfml\main.cpp(763): warning C4244: 'argument' : conversion from 'double' to 'float', possible loss of data
     1>c:\users\inour\documents\visual studio 2013\projects\sfml\sfml\main.cpp(799): warning C4244: 'argument' : conversion from 'int' to 'float', possible loss of data
     1>c:\users\inour\documents\visual studio 2013\projects\sfml\sfml\main.cpp(800): warning C4244: 'argument' : conversion from 'int' to 'float', possible loss of data
     1>c:\users\inour\documents\visual studio 2013\projects\sfml\sfml\main.cpp(801): warning C4244: 'argument' : conversion from 'int' to 'float', possible loss of data
     1>c:\users\inour\documents\visual studio 2013\projects\sfml\sfml\main.cpp(803): warning C4244: 'argument' : conversion from 'int' to 'float', possible loss of data
     1>c:\users\inour\documents\visual studio 2013\projects\sfml\sfml\main.cpp(811): warning C4244: 'argument' : conversion from 'int' to 'float', possible loss of data
     1>c:\users\inour\documents\visual studio 2013\projects\sfml\sfml\main.cpp(812): warning C4244: 'argument' : conversion from 'int' to 'float', possible loss of data
     1>c:\users\inour\documents\visual studio 2013\projects\sfml\sfml\main.cpp(814): warning C4244: 'argument' : conversion from 'int' to 'float', possible loss of data
     1>c:\users\inour\documents\visual studio 2013\projects\sfml\sfml\main.cpp(822): warning C4244: 'argument' : conversion from 'int' to 'float', possible loss of data
     1>c:\users\inour\documents\visual studio 2013\projects\sfml\sfml\main.cpp(823): warning C4244: 'argument' : conversion from 'int' to 'float', possible loss of data
     1>c:\users\inour\documents\visual studio 2013\projects\sfml\sfml\main.cpp(825): warning C4244: 'argument' : conversion from 'int' to 'float', possible loss of data
     1>c:\users\inour\documents\visual studio 2013\projects\sfml\sfml\main.cpp(833): warning C4244: 'argument' : conversion from 'int' to 'float', possible loss of data
     1>c:\users\inour\documents\visual studio 2013\projects\sfml\sfml\main.cpp(834): warning C4244: 'argument' : conversion from 'int' to 'float', possible loss of data
     1>c:\users\inour\documents\visual studio 2013\projects\sfml\sfml\main.cpp(836): warning C4244: 'argument' : conversion from 'int' to 'float', possible loss of data
     1>c:\users\inour\documents\visual studio 2013\projects\sfml\sfml\main.cpp(871): warning C4244: 'argument' : conversion from 'double' to 'float', possible loss of data
     1>c:\users\inour\documents\visual studio 2013\projects\sfml\sfml\main.cpp(1010): warning C4244: '=' : conversion from 'double' to 'float', possible loss of data
       Link:
         C:\Program Files (x86)\Microsoft Visual Studio 12.0\VC\bin\link.exe /ERRORREPORT:PROMPT /OUT:"C:\Users\inour\Documents\Visual Studio 2013\Projects\SFML\Debug\SFML.exe" /INCREMENTAL /NOLOGO /LIBPATH:"C:\Users\inour\Documents\Visual Studio 2013\Projects\SFML\sfmlll\lib" "sfml-system-d.lib" "sfml-graphics-d.lib" "sfml-audio-d.lib" "sfml-network-d.lib" "sfml-window-d.lib" kernel32.lib user32.lib gdi32.lib winspool.lib comdlg32.lib advapi32.lib shell32.lib ole32.lib oleaut32.lib uuid.lib odbc32.lib odbccp32.lib /MANIFEST /MANIFESTUAC:"level='asInvoker' uiAccess='false'" /manifest:embed /DEBUG /PDB:"C:\Users\inour\Documents\Visual Studio 2013\Projects\SFML\Debug\SFML.pdb" /SUBSYSTEM:CONSOLE /TLBID:1 /DYNAMICBASE /NXCOMPAT /IMPLIB:"C:\Users\inour\Documents\Visual Studio 2013\Projects\SFML\Debug\SFML.lib" /MACHINE:X86 Debug\main.obj
         SFML.vcxproj -> C:\Users\inour\Documents\Visual Studio 2013\Projects\SFML\Debug\SFML.exe
     1>Done Building Project "C:\Users\inour\Documents\Visual Studio 2013\Projects\SFML\SFML\SFML.vcxproj" (Build target(s)).

Build succeeded.

Time Elapsed 00:00:04.53
